Сборка начата 23.11.2015 12:18:24.
     1>Проект "C:\Users\Володя\Documents\Visual Studio 2015\Projects\ConsoleApplication6\ConsoleApplication6\ConsoleApplication6.vcxproj" в узле 2 (целевые объекты Build).
     1>ClCompile:
         C:\Program Files (x86)\VS\VC\bin\CL.exe /c /I"C:\SFML-Visual_Studio2015RCx32\include" /ZI /nologo /W3 /WX- /sdl /Od /Oy- /D SFML_DEBUG /D WIN32 /D _DEBUG /D _CONSOLE /D _UNICODE /D UNICODE /Gm /EHsc /RTC1 /MDd /GS /fp:precise /Zc:wchar_t /Zc:forScope /Zc:inline /Fo"Debug\\" /Fd"Debug\vc140.pdb" /Gd /TP /analyze- /errorReport:prompt Source.cpp
         Source.cpp
     1>c:\sfml-visual_studio2015rcx32\include\sfml\config.hpp(109): warning C4005: SFML_DEBUG: изменение макроопределения
         c:\sfml-visual_studio2015rcx32\include\sfml\config.hpp(109): note: аргументы командной строки:  см. предыдущее определение "SFML_DEBUG"
     1>c:\users\володя\documents\visual studio 2015\projects\consoleapplication6\consoleapplication6\map.h(37): warning C4244: аргумент: преобразование "time_t" в "unsigned int", возможна потеря данных
     1>c:\users\володя\documents\visual studio 2015\projects\consoleapplication6\consoleapplication6\view.h(22): warning C4244: аргумент: преобразование "double" в "float", возможна потеря данных
     1>c:\users\володя\documents\visual studio 2015\projects\consoleapplication6\consoleapplication6\view.h(26): warning C4244: аргумент: преобразование "double" в "float", возможна потеря данных
     1>c:\users\володя\documents\visual studio 2015\projects\consoleapplication6\consoleapplication6\view.h(30): warning C4244: аргумент: преобразование "double" в "float", возможна потеря данных
     1>c:\users\володя\documents\visual studio 2015\projects\consoleapplication6\consoleapplication6\view.h(33): warning C4244: аргумент: преобразование "double" в "float", возможна потеря данных
     1>c:\users\володя\documents\visual studio 2015\projects\consoleapplication6\consoleapplication6\source.cpp(22): warning C4244: аргумент: преобразование "int" в "float", возможна потеря данных
     1>c:\users\володя\documents\visual studio 2015\projects\consoleapplication6\consoleapplication6\source.cpp(44): warning C4551: в вызове функции отсутствует список аргументов
     1>c:\users\володя\documents\visual studio 2015\projects\consoleapplication6\consoleapplication6\source.cpp(48): warning C4305: =: усечение из "double" к "float"
     1>c:\users\володя\documents\visual studio 2015\projects\consoleapplication6\consoleapplication6\source.cpp(53): warning C4305: =: усечение из "double" к "float"
     1>c:\users\володя\documents\visual studio 2015\projects\consoleapplication6\consoleapplication6\source.cpp(58): warning C4305: =: усечение из "double" к "float"
     1>c:\users\володя\documents\visual studio 2015\projects\consoleapplication6\consoleapplication6\source.cpp(86): warning C4244: =: преобразование "double" в "float", возможна потеря данных
     1>c:\users\володя\documents\visual studio 2015\projects\consoleapplication6\consoleapplication6\source.cpp(91): warning C4244: инициализация: преобразование "float" в "int", возможна потеря данных
     1>c:\users\володя\documents\visual studio 2015\projects\consoleapplication6\consoleapplication6\source.cpp(92): warning C4244: инициализация: преобразование "float" в "int", возможна потеря данных
     1>c:\users\володя\documents\visual studio 2015\projects\consoleapplication6\consoleapplication6\source.cpp(96): warning C4244: =: преобразование "int" в "float", возможна потеря данных
     1>c:\users\володя\documents\visual studio 2015\projects\consoleapplication6\consoleapplication6\source.cpp(97): warning C4244: =: преобразование "int" в "float", возможна потеря данных
     1>c:\users\володя\documents\visual studio 2015\projects\consoleapplication6\consoleapplication6\source.cpp(98): warning C4244: =: преобразование "int" в "float", возможна потеря данных
     1>c:\users\володя\documents\visual studio 2015\projects\consoleapplication6\consoleapplication6\source.cpp(99): warning C4244: =: преобразование "int" в "float", возможна потеря данных
     1>c:\users\володя\documents\visual studio 2015\projects\consoleapplication6\consoleapplication6\source.cpp(114): warning C4305: =: усечение из "double" к "float"
     1>c:\users\володя\documents\visual studio 2015\projects\consoleapplication6\consoleapplication6\source.cpp(120): warning C4244: инициализация: преобразование "float" в "int", возможна потеря данных
     1>c:\users\володя\documents\visual studio 2015\projects\consoleapplication6\consoleapplication6\source.cpp(121): warning C4244: инициализация: преобразование "float" в "int", возможна потеря данных
     1>c:\users\володя\documents\visual studio 2015\projects\consoleapplication6\consoleapplication6\source.cpp(125): warning C4244: =: преобразование "int" в "float", возможна потеря данных
     1>c:\users\володя\documents\visual studio 2015\projects\consoleapplication6\consoleapplication6\source.cpp(126): warning C4244: =: преобразование "int" в "float", возможна потеря данных
     1>c:\users\володя\documents\visual studio 2015\projects\consoleapplication6\consoleapplication6\source.cpp(127): warning C4244: =: преобразование "int" в "float", возможна потеря данных
     1>c:\users\володя\documents\visual studio 2015\projects\consoleapplication6\consoleapplication6\source.cpp(127): warning C4305: =: усечение из "double" к "float"
     1>c:\users\володя\documents\visual studio 2015\projects\consoleapplication6\consoleapplication6\source.cpp(128): warning C4244: =: преобразование "int" в "float", возможна потеря данных
     1>c:\users\володя\documents\visual studio 2015\projects\consoleapplication6\consoleapplication6\source.cpp(128): warning C4305: =: усечение из "double" к "float"
     1>c:\users\володя\documents\visual studio 2015\projects\consoleapplication6\consoleapplication6\source.cpp(172): warning C4244: инициализация: преобразование "sf::Int64" в "float", возможна потеря данных
     1>c:\users\володя\documents\visual studio 2015\projects\consoleapplication6\consoleapplication6\source.cpp(173): warning C4244: =: преобразование "float" в "int", возможна потеря данных
     1>c:\users\володя\documents\visual studio 2015\projects\consoleapplication6\consoleapplication6\source.cpp(195): warning C4244: аргумент: преобразование "int" в "float", возможна потеря данных
       Link:
         C:\Program Files (x86)\VS\VC\bin\link.exe /ERRORREPORT:PROMPT /OUT:"C:\Users\Володя\Documents\Visual Studio 2015\Projects\ConsoleApplication6\Debug\ConsoleApplication6.exe" /INCREMENTAL /NOLOGO /LIBPATH:"C:\SFML-Visual_Studio2015RCx32\lib" "sfml-graphics-d.lib" "sfml-window-d.lib" "sfml-system-d.lib" "sfml-audio-d.lib" kernel32.lib user32.lib gdi32.lib winspool.lib comdlg32.lib advapi32.lib shell32.lib ole32.lib oleaut32.lib uuid.lib odbc32.lib odbccp32.lib /MANIFEST /MANIFESTUAC:"level='asInvoker' uiAccess='false'" /manifest:embed /Debug /PDB:"C:\Users\Володя\Documents\Visual Studio 2015\Projects\ConsoleApplication6\Debug\ConsoleApplication6.pdb" /SUBSYSTEM:CONSOLE /TLBID:1 /DYNAMICBASE /NXCOMPAT /IMPLIB:"C:\Users\Володя\Documents\Visual Studio 2015\Projects\ConsoleApplication6\Debug\ConsoleApplication6.lib" /MACHINE:X86 Debug\Source.obj
         ConsoleApplication6.vcxproj -> C:\Users\Володя\Documents\Visual Studio 2015\Projects\ConsoleApplication6\Debug\ConsoleApplication6.exe
     1>Сборка проекта "C:\Users\Володя\Documents\Visual Studio 2015\Projects\ConsoleApplication6\ConsoleApplication6\ConsoleApplication6.vcxproj" завершена (целевые объекты Build).

Сборка успешно завершена.

Затраченное время: 00:00:00.81
